<?xml version="1.0" encoding="UTF-8"?>
<testsuite name="NumberServiceTest" tests="1" skipped="0" failures="0" errors="0" timestamp="2019-08-13T09:15:58" hostname="Somkiats-MacBook-Pro" time="0.002">
  <properties/>
  <testcase name="called_nextInt" classname="NumberServiceTest" time="0.002"/>
  <system-out><![CDATA[]]></system-out>
  <system-err><![CDATA[]]></system-err>
</testsuite>
